<?xml version="1.0" encoding="UTF-8"?>
<!-- Generated by org.testng.reporters.JUnitXMLReporter -->
<testsuite hostname="DESKTOP-SE5JK6N" ignored="0" name="Default test" tests="3" failures="0" timestamp="2022-01-29T16:45:27 CST" time="15.135" errors="0">
  <testcase name="userShouldBeAbleToAddCategory" time="3.566" classname="test.TestPage"/>
  <testcase name="userShouldNotBeAbleToAddDuplicateCategory" time="2.784" classname="test.TestPage"/>
  <testcase name="validdropdownMonthcategory" time="0.226" classname="test.TestPage"/>
</testsuite> <!-- Default test -->
