<?xml version="1.0" encoding="UTF-8"?>
<testng-results skipped="0" failed="0" ignored="0" total="3" passed="3">
  <reporter-output>
  </reporter-output>
  <suite name="Default suite" duration-ms="15135" started-at="2022-01-29T16:45:12 CST" finished-at="2022-01-29T16:45:27 CST">
    <groups>
    </groups>
    <test name="Default test" duration-ms="15135" started-at="2022-01-29T16:45:12 CST" finished-at="2022-01-29T16:45:27 CST">
      <class name="test.TestPage">
        <test-method status="PASS" signature="init()[pri:0, instance:test.TestPage@217ed35e]" name="init" is-config="true" duration-ms="2575" started-at="2022-01-29T16:45:12 CST" finished-at="2022-01-29T16:45:15 CST">
          <reporter-output>
          </reporter-output>
        </test-method> <!-- init -->
        <test-method status="PASS" signature="userShouldBeAbleToAddCategory()[pri:1, instance:test.TestPage@217ed35e]" name="userShouldBeAbleToAddCategory" duration-ms="3566" started-at="2022-01-29T16:45:15 CST" finished-at="2022-01-29T16:45:18 CST">
          <reporter-output>
          </reporter-output>
        </test-method> <!-- userShouldBeAbleToAddCategory -->
        <test-method status="PASS" signature="teardown()[pri:0, instance:test.TestPage@217ed35e]" name="teardown" is-config="true" duration-ms="623" started-at="2022-01-29T16:45:18 CST" finished-at="2022-01-29T16:45:19 CST">
          <reporter-output>
          </reporter-output>
        </test-method> <!-- teardown -->
        <test-method status="PASS" signature="init()[pri:0, instance:test.TestPage@217ed35e]" name="init" is-config="true" duration-ms="1970" started-at="2022-01-29T16:45:19 CST" finished-at="2022-01-29T16:45:21 CST">
          <reporter-output>
          </reporter-output>
        </test-method> <!-- init -->
        <test-method status="PASS" signature="userShouldNotBeAbleToAddDuplicateCategory()[pri:2, instance:test.TestPage@217ed35e]" name="userShouldNotBeAbleToAddDuplicateCategory" duration-ms="2784" started-at="2022-01-29T16:45:21 CST" finished-at="2022-01-29T16:45:24 CST">
          <reporter-output>
          </reporter-output>
        </test-method> <!-- userShouldNotBeAbleToAddDuplicateCategory -->
        <test-method status="PASS" signature="teardown()[pri:0, instance:test.TestPage@217ed35e]" name="teardown" is-config="true" duration-ms="659" started-at="2022-01-29T16:45:24 CST" finished-at="2022-01-29T16:45:24 CST">
          <reporter-output>
          </reporter-output>
        </test-method> <!-- teardown -->
        <test-method status="PASS" signature="init()[pri:0, instance:test.TestPage@217ed35e]" name="init" is-config="true" duration-ms="2068" started-at="2022-01-29T16:45:24 CST" finished-at="2022-01-29T16:45:26 CST">
          <reporter-output>
          </reporter-output>
        </test-method> <!-- init -->
        <test-method status="PASS" signature="validdropdownMonthcategory()[pri:3, instance:test.TestPage@217ed35e]" name="validdropdownMonthcategory" duration-ms="226" started-at="2022-01-29T16:45:26 CST" finished-at="2022-01-29T16:45:26 CST">
          <reporter-output>
          </reporter-output>
        </test-method> <!-- validdropdownMonthcategory -->
        <test-method status="PASS" signature="teardown()[pri:0, instance:test.TestPage@217ed35e]" name="teardown" is-config="true" duration-ms="632" started-at="2022-01-29T16:45:26 CST" finished-at="2022-01-29T16:45:27 CST">
          <reporter-output>
          </reporter-output>
        </test-method> <!-- teardown -->
      </class> <!-- test.TestPage -->
    </test> <!-- Default test -->
  </suite> <!-- Default suite -->
</testng-results>
